0 info it worked if it ends with ok
1 verbose cli [ '/usr/local/bin/node', '/usr/local/bin/npm', 'start' ]
2 info using npm@1.4.28
3 info using node@v0.10.34
4 verbose run-script [ 'prestart', 'start', 'poststart' ]
5 info prestart askparrot-api@1.0.0
6 info start askparrot-api@1.0.0
7 verbose unsafe-perm in lifecycle true
8 info askparrot-api@1.0.0 Failed to exec start script
9 error askparrot-api@1.0.0 start: `NODE_PATH=./config:./app/libs NODE_ENV=development node server.js`
9 error Exit status 1
10 error Failed at the askparrot-api@1.0.0 start script.
10 error This is most likely a problem with the askparrot-api package,
10 error not with npm itself.
10 error Tell the author that this fails on your system:
10 error     NODE_PATH=./config:./app/libs NODE_ENV=development node server.js
10 error You can get their info via:
10 error     npm owner ls askparrot-api
10 error There is likely additional logging output above.
11 error System Linux 3.13.0-37-generic
12 error command "/usr/local/bin/node" "/usr/local/bin/npm" "start"
13 error cwd /var/www/c2c_api
14 error node -v v0.10.34
15 error npm -v 1.4.28
16 error code ELIFECYCLE
17 verbose exit [ 1, true ]
